Base path: C:/Program Files/Unity/Hub/Editor/2018.4.13f1/Editor/Data
Cmd: initializeCompiler
Cmd: compileComputeKernel
  error: 1 plat 4 at SPH2D.compute(101): signed/unsigned mismatch, unsigned assumed
  error: 1 plat 4 at SPH2D.compute(145): signed/unsigned mismatch, unsigned assumed
  api=4 insize=6831 outsize=1925 ok=1
Cmd: compileComputeKernel
  error: 1 plat 4 at SPH3D.compute(59): implicit truncation of vector type
  error: 1 plat 4 at SPH3D.compute(64): signed/unsigned mismatch, unsigned assumed
  error: 2 plat 4 at SPH3D.compute(71): undeclared identifier 'h_sq'
  api=4 insize=1953 outsize=0 ok=0
Cmd: compileComputeKernel
  error: 1 plat 4 at SPH3D.compute(59): implicit truncation of vector type
  error: 1 plat 4 at SPH3D.compute(64): signed/unsigned mismatch, unsigned assumed
  api=4 insize=1956 outsize=193 ok=1
Cmd: compileComputeKernel
  error: 1 plat 4 at SPH2D.compute(98): signed/unsigned mismatch, unsigned assumed
  error: 1 plat 4 at SPH2D.compute(142): signed/unsigned mismatch, unsigned assumed
  api=4 insize=6577 outsize=1925 ok=1
Cmd: compileComputeKernel
  error: 1 plat 4 at SPH3D.compute(69): signed/unsigned mismatch, unsigned assumed
  api=4 insize=2288 outsize=189 ok=1
Cmd: compileComputeKernel
  error: 1 plat 4 at SPH2D.compute(63): pow(f, e) will not work for negative f, use abs(f) or conditionally handle negative values if you expect them
  error: 1 plat 4 at SPH2D.compute(98): signed/unsigned mismatch, unsigned assumed
  error: 1 plat 4 at SPH2D.compute(141): signed/unsigned mismatch, unsigned assumed
  api=4 insize=6399 outsize=781 ok=1
Cmd: compileComputeKernel
  error: 1 plat 4 at SPH3D.compute(69): signed/unsigned mismatch, unsigned assumed
  error: 1 plat 4 at SPH3D.compute(104): signed/unsigned mismatch, unsigned assumed
  api=4 insize=2887 outsize=1161 ok=1
Cmd: compileComputeKernel
  error: 1 plat 4 at SPH3D.compute(75): signed/unsigned mismatch, unsigned assumed
  error: 1 plat 4 at SPH3D.compute(110): signed/unsigned mismatch, unsigned assumed
  api=4 insize=3299 outsize=193 ok=1
Cmd: initializeCompiler
Cmd: compileComputeKernel
  error: 1 plat 4 at SPH2D.compute(93): signed/unsigned mismatch, unsigned assumed
  error: 1 plat 4 at SPH2D.compute(136): signed/unsigned mismatch, unsigned assumed
  api=4 insize=6132 outsize=1161 ok=1
Cmd: compileComputeKernel
  error: 2 plat 4 at SPH3D.compute(65): 'sqrt': no matching 2 parameter intrinsic function; Possible intrinsic functions are: sqrt(float|half|min10float|min16float)
  api=4 insize=3459 outsize=0 ok=0
Cmd: compileComputeKernel
  error: 1 plat 4 at SPH3D.compute(82): signed/unsigned mismatch, unsigned assumed
  error: 1 plat 4 at SPH3D.compute(117): signed/unsigned mismatch, unsigned assumed
  api=4 insize=3805 outsize=1161 ok=1
Cmd: compileComputeKernel
  error: 1 plat 4 at SPH3D.compute(82): signed/unsigned mismatch, unsigned assumed
  error: 1 plat 4 at SPH3D.compute(117): signed/unsigned mismatch, unsigned assumed
  api=4 insize=4059 outsize=2105 ok=1
Cmd: compileComputeKernel
  error: 1 plat 4 at SPH2D.compute(90): signed/unsigned mismatch, unsigned assumed
  error: 1 plat 4 at SPH2D.compute(133): signed/unsigned mismatch, unsigned assumed
  api=4 insize=5534 outsize=1925 ok=1
Cmd: compileComputeKernel
  error: 1 plat 4 at SPH3D.compute(82): signed/unsigned mismatch, unsigned assumed
  error: 1 plat 4 at SPH3D.compute(117): signed/unsigned mismatch, unsigned assumed
  error: 2 plat 4 at SPH3D.compute(145): undeclared identifier 'position'
  api=4 insize=5029 outsize=0 ok=0
Cmd: compileComputeKernel
  error: 1 plat 4 at SPH3D.compute(82): signed/unsigned mismatch, unsigned assumed
  error: 1 plat 4 at SPH3D.compute(117): signed/unsigned mismatch, unsigned assumed
  api=4 insize=4956 outsize=1721 ok=1
Cmd: initializeCompiler
Cmd: initializeCompiler
Cmd: initializeCompiler
Cmd: initializeCompiler
Cmd: initializeCompiler
Cmd: initializeCompiler
Cmd: initializeCompiler
Cmd: initializeCompiler
Cmd: initializeCompiler
Cmd: initializeCompiler
Cmd: initializeCompiler
Cmd: initializeCompiler
Cmd: initializeCompiler
Cmd: initializeCompiler
Cmd: initializeCompiler
Cmd: initializeCompiler
Cmd: initializeCompiler
Cmd: initializeCompiler
Cmd: compileComputeKernel
  error: 1 plat 4 at SPH3D.compute(82): signed/unsigned mismatch, unsigned assumed
  error: 1 plat 4 at SPH3D.compute(117): signed/unsigned mismatch, unsigned assumed
  api=4 insize=4963 outsize=2105 ok=1
Cmd: initializeCompiler
Cmd: compileComputeKernel
  error: 1 plat 4 at SPH3D.compute(59): pow(f, e) will not work for negative f, use abs(f) or conditionally handle negative values if you expect them
  error: 1 plat 4 at SPH3D.compute(82): signed/unsigned mismatch, unsigned assumed
  error: 1 plat 4 at SPH3D.compute(117): signed/unsigned mismatch, unsigned assumed
  api=4 insize=4959 outsize=781 ok=1
Cmd: initializeCompiler
Cmd: initializeCompiler
Cmd: compileComputeKernel
  error: 1 plat 4 at SPH3D.compute(82): signed/unsigned mismatch, unsigned assumed
  error: 1 plat 4 at SPH3D.compute(117): signed/unsigned mismatch, unsigned assumed
  api=4 insize=4957 outsize=1721 ok=1
Cmd: initializeCompiler
Cmd: initializeCompiler
Cmd: initializeCompiler
Cmd: initializeCompiler
Cmd: initializeCompiler
Cmd: initializeCompiler
Cmd: initializeCompiler
Cmd: initializeCompiler
Cmd: initializeCompiler
Cmd: initializeCompiler
Cmd: initializeCompiler
Cmd: initializeCompiler
Cmd: initializeCompiler
Cmd: compileComputeKernel
  error: 1 plat 4 at SPH3D.compute(59): pow(f, e) will not work for negative f, use abs(f) or conditionally handle negative values if you expect them
  error: 1 plat 4 at SPH3D.compute(82): signed/unsigned mismatch, unsigned assumed
  error: 1 plat 4 at SPH3D.compute(117): signed/unsigned mismatch, unsigned assumed
  api=4 insize=4959 outsize=781 ok=1
Cmd: initializeCompiler
Cmd: compileComputeKernel
  error: 1 plat 4 at SPH3D.compute(82): signed/unsigned mismatch, unsigned assumed
  error: 1 plat 4 at SPH3D.compute(117): signed/unsigned mismatch, unsigned assumed
  api=4 insize=4994 outsize=1685 ok=1
Cmd: initializeCompiler
Cmd: initializeCompiler
Cmd: compileComputeKernel
  error: 1 plat 4 at SPH3D.compute(82): signed/unsigned mismatch, unsigned assumed
  error: 1 plat 4 at SPH3D.compute(117): signed/unsigned mismatch, unsigned assumed
  error: 2 plat 4 at SPH3D.compute(134): undeclared identifier 'force'
  api=4 insize=4959 outsize=0 ok=0
Cmd: initializeCompiler
Cmd: initializeCompiler
Cmd: initializeCompiler
Cmd: initializeCompiler
Cmd: initializeCompiler
Cmd: initializeCompiler
Cmd: initializeCompiler
Cmd: initializeCompiler
Cmd: initializeCompiler
Cmd: initializeCompiler
Cmd: compileComputeKernel
  error: 1 plat 4 at SPH3D.compute(59): pow(f, e) will not work for negative f, use abs(f) or conditionally handle negative values if you expect them
  error: 1 plat 4 at SPH3D.compute(82): signed/unsigned mismatch, unsigned assumed
  error: 1 plat 4 at SPH3D.compute(117): signed/unsigned mismatch, unsigned assumed
  api=4 insize=4979 outsize=781 ok=1
Cmd: initializeCompiler
Cmd: initializeCompiler
Cmd: initializeCompiler
Cmd: initializeCompiler
Cmd: initializeCompiler
Cmd: initializeCompiler
Cmd: initializeCompiler
Cmd: initializeCompiler
Cmd: initializeCompiler
Cmd: initializeCompiler
Cmd: initializeCompiler
Cmd: initializeCompiler
Cmd: initializeCompiler
Cmd: initializeCompiler
Cmd: initializeCompiler
Cmd: initializeCompiler
Cmd: initializeCompiler
Cmd: initializeCompiler
Cmd: initializeCompiler
Cmd: initializeCompiler
Cmd: initializeCompiler
Cmd: initializeCompiler
Cmd: initializeCompiler
Cmd: initializeCompiler
Cmd: initializeCompiler
Cmd: initializeCompiler
Cmd: initializeCompiler
Cmd: initializeCompiler
Cmd: initializeCompiler
Cmd: initializeCompiler
Cmd: initializeCompiler
Cmd: initializeCompiler
Cmd: initializeCompiler
Cmd: initializeCompiler
Cmd: initializeCompiler
Cmd: initializeCompiler
Cmd: initializeCompiler
Cmd: initializeCompiler
Cmd: initializeCompiler
Cmd: initializeCompiler
Cmd: initializeCompiler
Cmd: initializeCompiler
Cmd: initializeCompiler
Cmd: initializeCompiler
Cmd: initializeCompiler
Cmd: initializeCompiler
Cmd: initializeCompiler
Cmd: initializeCompiler
Cmd: initializeCompiler
Cmd: initializeCompiler
Cmd: initializeCompiler
Cmd: initializeCompiler
Cmd: initializeCompiler
Cmd: initializeCompiler
Cmd: initializeCompiler
Cmd: initializeCompiler
Cmd: initializeCompiler
Cmd: initializeCompiler
Cmd: initializeCompiler
Cmd: initializeCompiler
Cmd: initializeCompiler
Cmd: initializeCompiler
Cmd: initializeCompiler
Cmd: initializeCompiler
Cmd: initializeCompiler
Cmd: initializeCompiler
Cmd: initializeCompiler
Cmd: initializeCompiler
Cmd: initializeCompiler
Cmd: initializeCompiler
Cmd: initializeCompiler
Cmd: initializeCompiler
Cmd: initializeCompiler
Cmd: initializeCompiler
Cmd: initializeCompiler
Cmd: initializeCompiler
Cmd: initializeCompiler
Cmd: initializeCompiler
Cmd: initializeCompiler
Cmd: initializeCompiler
Cmd: initializeCompiler
Cmd: initializeCompiler
Cmd: initializeCompiler
