Base path: C:/Program Files/Unity/Hub/Editor/2018.4.13f1/Editor/Data
Cmd: initializeCompiler
Cmd: compileComputeKernel
  error: 2 plat 4 at SPH2D.compute(42): syntax error: unexpected token 'float'
  api=4 insize=1312 outsize=0 ok=0
Cmd: initializeCompiler
Cmd: compileComputeKernel
  error: 2 plat 4 at (0): Did not find shader kernel 'IntegrateCS' to compile
  api=4 insize=1333 outsize=0 ok=0
Cmd: initializeCompiler
Cmd: initializeCompiler
Cmd: initializeCompiler
Cmd: initializeCompiler
Cmd: initializeCompiler
Cmd: initializeCompiler
Cmd: initializeCompiler
Cmd: initializeCompiler
Cmd: initializeCompiler
Cmd: initializeCompiler
Cmd: initializeCompiler
Cmd: initializeCompiler
Cmd: initializeCompiler
Cmd: initializeCompiler
Cmd: initializeCompiler
Cmd: initializeCompiler
Cmd: initializeCompiler
Cmd: compileComputeKernel
  error: 1 plat 4 at SPH2D.compute(94): signed/unsigned mismatch, unsigned assumed
  error: 1 plat 4 at SPH2D.compute(96): implicit truncation of vector type
  error: 1 plat 4 at SPH2D.compute(133): signed/unsigned mismatch, unsigned assumed
  api=4 insize=6213 outsize=1161 ok=1
Cmd: initializeCompiler
Cmd: initializeCompiler
Cmd: initializeCompiler
Cmd: initializeCompiler
Cmd: initializeCompiler
Cmd: compileComputeKernel
  error: 1 plat 4 at SPH2D.compute(64): pow(f, e) will not work for negative f, use abs(f) or conditionally handle negative values if you expect them
  error: 1 plat 4 at SPH2D.compute(94): signed/unsigned mismatch, unsigned assumed
  error: 1 plat 4 at SPH2D.compute(96): implicit truncation of vector type
  error: 1 plat 4 at SPH2D.compute(133): signed/unsigned mismatch, unsigned assumed
  api=4 insize=6193 outsize=781 ok=1
Cmd: initializeCompiler
Cmd: initializeCompiler
Cmd: initializeCompiler
Cmd: initializeCompiler
Cmd: initializeCompiler
Cmd: initializeCompiler
Cmd: compileComputeKernel
  error: 1 plat 4 at SPH2D.compute(64): pow(f, e) will not work for negative f, use abs(f) or conditionally handle negative values if you expect them
  error: 1 plat 4 at SPH2D.compute(94): signed/unsigned mismatch, unsigned assumed
  error: 1 plat 4 at SPH2D.compute(96): implicit truncation of vector type
  error: 1 plat 4 at SPH2D.compute(133): signed/unsigned mismatch, unsigned assumed
  api=4 insize=6191 outsize=781 ok=1
Cmd: initializeCompiler
Cmd: initializeCompiler
Cmd: compileComputeKernel
  error: 1 plat 4 at SPH2D.compute(100): signed/unsigned mismatch, unsigned assumed
  error: 1 plat 4 at SPH2D.compute(102): implicit truncation of vector type
  error: 1 plat 4 at SPH2D.compute(139): signed/unsigned mismatch, unsigned assumed
  api=4 insize=6674 outsize=1161 ok=1
Cmd: initializeCompiler
Cmd: initializeCompiler
Cmd: compileComputeKernel
  error: 1 plat 4 at SPH2D.compute(100): signed/unsigned mismatch, unsigned assumed
  error: 1 plat 4 at SPH2D.compute(144): signed/unsigned mismatch, unsigned assumed
  api=4 insize=6927 outsize=1333 ok=1
Cmd: initializeCompiler
Cmd: initializeCompiler
Cmd: initializeCompiler
Cmd: initializeCompiler
Cmd: initializeCompiler
Cmd: initializeCompiler
Cmd: compileComputeKernel
  error: 1 plat 4 at SPH2D.compute(66): pow(f, e) will not work for negative f, use abs(f) or conditionally handle negative values if you expect them
  error: 1 plat 4 at SPH2D.compute(100): signed/unsigned mismatch, unsigned assumed
  error: 1 plat 4 at SPH2D.compute(144): signed/unsigned mismatch, unsigned assumed
  api=4 insize=7052 outsize=781 ok=1
Cmd: initializeCompiler
Cmd: initializeCompiler
Cmd: initializeCompiler
Cmd: initializeCompiler
Cmd: initializeCompiler
Cmd: initializeCompiler
Cmd: initializeCompiler
Cmd: initializeCompiler
Cmd: initializeCompiler
Cmd: initializeCompiler
Cmd: initializeCompiler
Cmd: initializeCompiler
Cmd: initializeCompiler
Cmd: initializeCompiler
Cmd: initializeCompiler
Cmd: initializeCompiler
Cmd: initializeCompiler
Cmd: initializeCompiler
Cmd: initializeCompiler
Cmd: initializeCompiler
Cmd: initializeCompiler
Cmd: initializeCompiler
Cmd: initializeCompiler
Cmd: initializeCompiler
Cmd: initializeCompiler
Cmd: initializeCompiler
Cmd: initializeCompiler
Cmd: initializeCompiler
Cmd: initializeCompiler
Cmd: initializeCompiler
Cmd: initializeCompiler
Cmd: initializeCompiler
Cmd: initializeCompiler
Cmd: initializeCompiler
Cmd: initializeCompiler
Cmd: initializeCompiler
Cmd: initializeCompiler
Cmd: initializeCompiler
Cmd: initializeCompiler
Cmd: initializeCompiler
Cmd: initializeCompiler
Cmd: initializeCompiler
Cmd: initializeCompiler
Cmd: initializeCompiler
Cmd: initializeCompiler
Cmd: initializeCompiler
Cmd: initializeCompiler
Cmd: initializeCompiler
Cmd: initializeCompiler
Cmd: initializeCompiler
Cmd: initializeCompiler
Cmd: initializeCompiler
Cmd: initializeCompiler
